<?xml version="1.0" encoding="UTF-8"?>
<!-- Generated by org.testng.reporters.JUnitXMLReporter -->
<testsuite hostname="vsawant-win8" name="Regression on SignUp Service" tests="5" failures="0" timestamp="21 Aug 2015 09:51:22 GMT" time="304.685" errors="0">
  <testcase name="ccSignUp" time="49.161" classname="signup.service.CC_SignUp"/>
  <testcase name="aapSignUp" time="43.566" classname="signup.service.AAP_SignUp"/>
  <testcase name="aaoSignUp" time="46.413" classname="signup.service.AAO_SignUp"/>
  <testcase name="dstSignUp" time="43.218" classname="signup.service.DST_SignUp"/>
  <testcase name="dsaSignUp" time="57.718" classname="signup.service.DSA_SignUp"/>
</testsuite> <!-- Regression on SignUp Service -->
