<?xml version="1.0" encoding="UTF-8"?>
<!-- Generated by org.testng.reporters.JUnitXMLReporter -->
<testsuite hostname="vsawant-win8" name="Validate SignUp Service" tests="11" failures="0" timestamp="21 Aug 2015 08:29:46 GMT" time="288.362" errors="0">
  <testcase name="blankformSubmit" time="45.79" classname="validate.signup.service.ValidateFieldsOnSignUp"/>
  <testcase name="checkEmailID" time="20.539" classname="validate.signup.service.ValidateFieldsOnSignUp"/>
  <testcase name="checkEmailID" time="23.812" classname="validate.signup.service.ValidateFieldsOnSignUp"/>
  <testcase name="checkPassword" time="26.461" classname="validate.signup.service.ValidateFieldsOnSignUp"/>
  <testcase name="checkPassword" time="25.234" classname="validate.signup.service.ValidateFieldsOnSignUp"/>
  <testcase name="checkConfirmPassword" time="23.969" classname="validate.signup.service.ValidateFieldsOnSignUp"/>
  <testcase name="checkConfirmPassword" time="27.567" classname="validate.signup.service.ValidateFieldsOnSignUp"/>
  <testcase name="checkFirstName" time="20.599" classname="validate.signup.service.ValidateFieldsOnSignUp"/>
  <testcase name="checkFirstName" time="17.686" classname="validate.signup.service.ValidateFieldsOnSignUp"/>
  <testcase name="checkLastName" time="17.738" classname="validate.signup.service.ValidateFieldsOnSignUp"/>
  <testcase name="checkLastName" time="18.43" classname="validate.signup.service.ValidateFieldsOnSignUp"/>
</testsuite> <!-- Validate SignUp Service -->
