<?xml version="1.0" encoding="UTF-8"?>
<!-- Generated by org.testng.reporters.JUnitXMLReporter -->
<testsuite hostname="vsawant-win8" name="Validate Daily Swing Trade SignUp Service" tests="11" failures="0" timestamp="21 Aug 2015 08:57:06 GMT" time="265.805" errors="0">
  <testcase name="blankformSubmit" time="35.119" classname="validate.signup.service.ValidateFieldsOnSignUp"/>
  <testcase name="checkEmailID" time="19.012" classname="validate.signup.service.ValidateFieldsOnSignUp"/>
  <testcase name="checkEmailID" time="18.596" classname="validate.signup.service.ValidateFieldsOnSignUp"/>
  <testcase name="checkPassword" time="35.544" classname="validate.signup.service.ValidateFieldsOnSignUp"/>
  <testcase name="checkPassword" time="19.557" classname="validate.signup.service.ValidateFieldsOnSignUp"/>
  <testcase name="checkConfirmPassword" time="21.919" classname="validate.signup.service.ValidateFieldsOnSignUp"/>
  <testcase name="checkConfirmPassword" time="21.132" classname="validate.signup.service.ValidateFieldsOnSignUp"/>
  <testcase name="checkFirstName" time="15.396" classname="validate.signup.service.ValidateFieldsOnSignUp"/>
  <testcase name="checkFirstName" time="13.661" classname="validate.signup.service.ValidateFieldsOnSignUp"/>
  <testcase name="checkLastName" time="15.432" classname="validate.signup.service.ValidateFieldsOnSignUp"/>
  <testcase name="checkLastName" time="36.898" classname="validate.signup.service.ValidateFieldsOnSignUp"/>
</testsuite> <!-- Validate Daily Swing Trade SignUp Service -->
