<?xml version="1.0" encoding="UTF-8"?>
<!-- Generated by org.testng.reporters.JUnitXMLReporter -->
<testsuite hostname="vsawant-win8" name="Validate Action Alert Options SignUp Service" tests="7" failures="0" timestamp="21 Aug 2015 08:43:33 GMT" time="236.706" errors="0">
  <testcase name="blankformSubmit" time="55.621" classname="validate.signup.service.ValidateFieldsOnSignUp"/>
  <testcase name="checkEmailID" time="13.859" classname="validate.signup.service.ValidateFieldsOnSignUp"/>
  <testcase name="checkEmailID" time="19.542" classname="validate.signup.service.ValidateFieldsOnSignUp"/>
  <testcase name="checkPassword" time="30.34" classname="validate.signup.service.ValidateFieldsOnSignUp"/>
  <testcase name="checkPassword" time="30.347" classname="validate.signup.service.ValidateFieldsOnSignUp"/>
  <testcase name="checkConfirmPassword" time="30.916" classname="validate.signup.service.ValidateFieldsOnSignUp"/>
  <testcase name="checkConfirmPassword" time="37.819" classname="validate.signup.service.ValidateFieldsOnSignUp"/>
</testsuite> <!-- Validate Action Alert Options SignUp Service -->
