<?xml version="1.0" encoding="UTF-8"?>
<!-- Generated by org.testng.reporters.JUnitXMLReporter -->
<testsuite hostname="vsawant-win8" name="Validate Divident Stock Advisor SignUp Service" tests="11" failures="0" timestamp="21 Aug 2015 08:52:40 GMT" time="290.293" errors="0">
  <testcase name="blankformSubmit" time="49.972" classname="validate.signup.service.ValidateFieldsOnSignUp"/>
  <testcase name="checkEmailID" time="24.417" classname="validate.signup.service.ValidateFieldsOnSignUp"/>
  <testcase name="checkEmailID" time="19.893" classname="validate.signup.service.ValidateFieldsOnSignUp"/>
  <testcase name="checkPassword" time="25.551" classname="validate.signup.service.ValidateFieldsOnSignUp"/>
  <testcase name="checkPassword" time="31.418" classname="validate.signup.service.ValidateFieldsOnSignUp"/>
  <testcase name="checkConfirmPassword" time="24.639" classname="validate.signup.service.ValidateFieldsOnSignUp"/>
  <testcase name="checkConfirmPassword" time="28.03" classname="validate.signup.service.ValidateFieldsOnSignUp"/>
  <testcase name="checkFirstName" time="17.403" classname="validate.signup.service.ValidateFieldsOnSignUp"/>
  <testcase name="checkFirstName" time="17.314" classname="validate.signup.service.ValidateFieldsOnSignUp"/>
  <testcase name="checkLastName" time="20.836" classname="validate.signup.service.ValidateFieldsOnSignUp"/>
  <testcase name="checkLastName" time="17.939" classname="validate.signup.service.ValidateFieldsOnSignUp"/>
</testsuite> <!-- Validate Divident Stock Advisor SignUp Service -->
