<?xml version="1.0" encoding="UTF-8"?>
<!-- Generated by org.testng.reporters.JUnitXMLReporter -->
<testsuite hostname="vsawant-win8" name=" Regression Test on UDB application" tests="13" failures="13" timestamp="16 Oct 2015 08:56:26 GMT" time="19.748" errors="0">
  <testcase name="verifyAllColumnsDisplayedOnCompHp" time="6.515" classname="udbtests.CompanyHomeTest">
    <failure type="java.lang.NullPointerException">
      <![CDATA[java.lang.NullPointerException
	at com.google.common.base.Preconditions.checkNotNull(Preconditions.java:213)
	at org.openqa.selenium.support.ui.FluentWait.<init>(FluentWait.java:95)
	at org.openqa.selenium.support.ui.WebDriverWait.<init>(WebDriverWait.java:71)
	at org.openqa.selenium.support.ui.WebDriverWait.<init>(WebDriverWait.java:45)
	at pageobjects.CompanyHome.<init>(CompanyHome.java:17)
	at pageobjects.HomePage.clickOnCompanyHome(HomePage.java:24)
	at udbtests.CompanyHomeTest.verifyAllColumnsDisplayedOnCompHp(CompanyHomeTest.java:22)
... Removed 24 stack frames]]>
    </failure>
  </testcase> <!-- verifyAllColumnsDisplayedOnCompHp -->
  <testcase name="verifyShowEntriesDropdownvalues" time="0.001" classname="udbtests.CompanyHomeTest">
    <failure type="java.lang.NullPointerException">
      <![CDATA[java.lang.NullPointerException
	at udbtests.CompanyHomeTest.verifyShowEntriesDropdownvalues(CompanyHomeTest.java:31)
... Removed 24 stack frames]]>
    </failure>
  </testcase> <!-- verifyShowEntriesDropdownvalues -->
  <testcase name="verifyDefaultSelectedValueOfShowEntiresDropdown" time="0.0" classname="udbtests.CompanyHomeTest">
    <failure type="java.lang.NullPointerException">
      <![CDATA[java.lang.NullPointerException
	at udbtests.CompanyHomeTest.verifyDefaultSelectedValueOfShowEntiresDropdown(CompanyHomeTest.java:39)
... Removed 24 stack frames]]>
    </failure>
  </testcase> <!-- verifyDefaultSelectedValueOfShowEntiresDropdown -->
  <testcase name="verifyDefaultNumberOfRecordsDispOnCompHp" time="0.002" classname="udbtests.CompanyHomeTest">
    <failure type="java.lang.NullPointerException">
      <![CDATA[java.lang.NullPointerException
	at udbtests.CompanyHomeTest.verifyDefaultNumberOfRecordsDispOnCompHp(CompanyHomeTest.java:46)
... Removed 24 stack frames]]>
    </failure>
  </testcase> <!-- verifyDefaultNumberOfRecordsDispOnCompHp -->
  <testcase name="verifyRecordsDisplayedAsPerSelValInDropdown" time="0.0" classname="udbtests.CompanyHomeTest">
    <failure type="java.lang.NullPointerException">
      <![CDATA[java.lang.NullPointerException
	at udbtests.CompanyHomeTest.verifyRecordsDisplayedAsPerSelValInDropdown(CompanyHomeTest.java:53)
... Removed 24 stack frames]]>
    </failure>
  </testcase> <!-- verifyRecordsDisplayedAsPerSelValInDropdown -->
  <testcase name="verifyCompHpPageNavigation" time="0.0" classname="udbtests.CompanyHomeTest">
    <failure type="java.lang.NullPointerException">
      <![CDATA[java.lang.NullPointerException
	at udbtests.CompanyHomeTest.verifyCompHpPageNavigation(CompanyHomeTest.java:65)
... Removed 24 stack frames]]>
    </failure>
  </testcase> <!-- verifyCompHpPageNavigation -->
  <testcase name="verifyCompHpPageNavigation" time="0.001" classname="udbtests.CompanyHomeTest">
    <failure type="java.lang.NullPointerException">
      <![CDATA[java.lang.NullPointerException
	at udbtests.CompanyHomeTest.verifyCompHpPageNavigation(CompanyHomeTest.java:65)
... Removed 24 stack frames]]>
    </failure>
  </testcase> <!-- verifyCompHpPageNavigation -->
  <testcase name="verifyCompHpPageNavigation" time="0.0" classname="udbtests.CompanyHomeTest">
    <failure type="java.lang.NullPointerException">
      <![CDATA[java.lang.NullPointerException
	at udbtests.CompanyHomeTest.verifyCompHpPageNavigation(CompanyHomeTest.java:65)
... Removed 24 stack frames]]>
    </failure>
  </testcase> <!-- verifyCompHpPageNavigation -->
  <testcase name="verifyCompHpPageNavigation" time="0.0" classname="udbtests.CompanyHomeTest">
    <failure type="java.lang.NullPointerException">
      <![CDATA[java.lang.NullPointerException
	at udbtests.CompanyHomeTest.verifyCompHpPageNavigation(CompanyHomeTest.java:65)
... Removed 24 stack frames]]>
    </failure>
  </testcase> <!-- verifyCompHpPageNavigation -->
  <testcase name="verifyDiffPageNavLinkWorks" time="0.0" classname="udbtests.CompanyHomeTest">
    <failure type="java.lang.NullPointerException">
      <![CDATA[java.lang.NullPointerException
	at udbtests.CompanyHomeTest.verifyDiffPageNavLinkWorks(CompanyHomeTest.java:72)
... Removed 24 stack frames]]>
    </failure>
  </testcase> <!-- verifyDiffPageNavLinkWorks -->
  <testcase name="verifySearchOnCompHp" time="0.0" classname="udbtests.CompanyHomeTest">
    <failure type="java.lang.NullPointerException">
      <![CDATA[java.lang.NullPointerException
	at udbtests.CompanyHomeTest.verifySearchOnCompHp(CompanyHomeTest.java:84)
... Removed 24 stack frames]]>
    </failure>
  </testcase> <!-- verifySearchOnCompHp -->
  <testcase name="verifySearchOnCompHp" time="0.001" classname="udbtests.CompanyHomeTest">
    <failure type="java.lang.NullPointerException">
      <![CDATA[java.lang.NullPointerException
	at udbtests.CompanyHomeTest.verifySearchOnCompHp(CompanyHomeTest.java:84)
... Removed 24 stack frames]]>
    </failure>
  </testcase> <!-- verifySearchOnCompHp -->
  <testcase name="verifySearchOnCompHp" time="0.001" classname="udbtests.CompanyHomeTest">
    <failure type="java.lang.NullPointerException">
      <![CDATA[java.lang.NullPointerException
	at udbtests.CompanyHomeTest.verifySearchOnCompHp(CompanyHomeTest.java:84)
... Removed 24 stack frames]]>
    </failure>
  </testcase> <!-- verifySearchOnCompHp -->
</testsuite> <!--  Regression Test on UDB application -->
