<?xml version="1.0" encoding="UTF-8"?>
<!-- Generated by org.testng.reporters.JUnitXMLReporter -->
<testsuite hostname="vsawant-win8" name="TheStreet" tests="5" failures="0" timestamp="19 Jun 2015 11:29:47 GMT" time="252.528" errors="0">
  <testcase name="ccSignUp" time="79.203" classname="SignUp.CC_SignUp"/>
  <testcase name="aapSignUp" time="41.912" classname="SignUp.AAP_SignUp"/>
  <testcase name="aaoSignUp" time="35.299" classname="SignUp.AAO_SignUp"/>
  <testcase name="dstSignUp" time="41.805" classname="SignUp.DST_SignUp"/>
  <testcase name="dsaSignUp" time="54.299" classname="SignUp.DSA_SignUp"/>
</testsuite> <!-- TheStreet -->
